DEBUG:root:./logs/log_20230201211202.log
DEBUG:root:['age', 'embarked', 'family_size', 'fare', 'pclass', 'sex']
DEBUG:root:(891, 6)
DEBUG:root:{'learning_rate': 0.1, 'num_leaves': 8, 'boosting_type': 'gbdt', 'colsample_bytree': 0.65, 'reg_alpha': 1, 'reg_lambda': 1, 'objective': 'multiclass', 'num_class': 2}
DEBUG:main:[30]	valid_0's multi_logloss: 0.426058
DEBUG:main:[60]	valid_0's multi_logloss: 0.414762
DEBUG:root:61
DEBUG:root:0.41425114421781906
DEBUG:root:{'learning_rate': 0.1, 'num_leaves': 8, 'boosting_type': 'gbdt', 'colsample_bytree': 0.65, 'reg_alpha': 1, 'reg_lambda': 1, 'objective': 'multiclass', 'num_class': 2}
DEBUG:main:[30]	valid_0's multi_logloss: 0.423463
DEBUG:main:[60]	valid_0's multi_logloss: 0.405673
DEBUG:main:[90]	valid_0's multi_logloss: 0.40202
DEBUG:main:[120]	valid_0's multi_logloss: 0.400228
DEBUG:root:119
DEBUG:root:0.4002265347048607
DEBUG:root:{'learning_rate': 0.1, 'num_leaves': 8, 'boosting_type': 'gbdt', 'colsample_bytree': 0.65, 'reg_alpha': 1, 'reg_lambda': 1, 'objective': 'multiclass', 'num_class': 2}
DEBUG:main:[30]	valid_0's multi_logloss: 0.467727
DEBUG:root:40
DEBUG:root:0.4630389606851428
DEBUG:root:===CV scores===
DEBUG:root:[0.41425114421781906, 0.4002265347048607, 0.4630389606851428]
DEBUG:root:0.4258388798692742
